Warning: ignoring unsupported tag `ALLOW_UNICODE_NAMES    =' at line 79, file /home/travis/build/akrava/web-framework/docs/Doxyfile_html
Warning: ignoring unsupported tag `OUTPUT_TEXT_DIRECTION  =' at line 102, file /home/travis/build/akrava/web-framework/docs/Doxyfile_html
Warning: ignoring unsupported tag `TOC_INCLUDE_HEADINGS   =' at line 322, file /home/travis/build/akrava/web-framework/docs/Doxyfile_html
Warning: ignoring unsupported tag `GROUP_NESTED_COMPOUNDS =' at line 379, file /home/travis/build/akrava/web-framework/docs/Doxyfile_html
Warning: ignoring unsupported tag `HIDE_COMPOUND_REFERENCE=' at line 550, file /home/travis/build/akrava/web-framework/docs/Doxyfile_html
Warning: ignoring unsupported tag `WARN_AS_ERROR          =' at line 774, file /home/travis/build/akrava/web-framework/docs/Doxyfile_html
Warning: ignoring unsupported tag `HTML_DYNAMIC_MENUS     =' at line 1246, file /home/travis/build/akrava/web-framework/docs/Doxyfile_html
Warning: ignoring unsupported tag `LATEX_EXTRA_STYLESHEET =' at line 1762, file /home/travis/build/akrava/web-framework/docs/Doxyfile_html
Warning: ignoring unsupported tag `LATEX_TIMESTAMP        =' at line 1829, file /home/travis/build/akrava/web-framework/docs/Doxyfile_html
Warning: ignoring unsupported tag `RTF_SOURCE_CODE        =' at line 1895, file /home/travis/build/akrava/web-framework/docs/Doxyfile_html
Warning: ignoring unsupported tag `MAN_SUBDIR             =' at line 1930, file /home/travis/build/akrava/web-framework/docs/Doxyfile_html
Warning: ignoring unsupported tag `DOCBOOK_PROGRAMLISTING =' at line 1993, file /home/travis/build/akrava/web-framework/docs/Doxyfile_html
Warning: ignoring unsupported tag `PLANTUML_JAR_PATH      =' at line 2422, file /home/travis/build/akrava/web-framework/docs/Doxyfile_html
Warning: ignoring unsupported tag `PLANTUML_CFG_FILE      =' at line 2427, file /home/travis/build/akrava/web-framework/docs/Doxyfile_html
Warning: ignoring unsupported tag `PLANTUML_INCLUDE_PATH  =' at line 2432, file /home/travis/build/akrava/web-framework/docs/Doxyfile_html
Searching for include files...
Searching for example files...
Searching for images...
Searching for dot files...
Searching for msc files...
Searching for dia files...
Searching for files to exclude
Searching for files to process...
Searching for files in directory /home/travis/build/akrava/web-framework/include
Reading and parsing tag files
Parsing files
Preprocessing /home/travis/build/akrava/web-framework/include/app.h...
Parsing file /home/travis/build/akrava/web-framework/include/app.h...
Preprocessing /home/travis/build/akrava/web-framework/include/context.h...
Parsing file /home/travis/build/akrava/web-framework/include/context.h...
Preprocessing /home/travis/build/akrava/web-framework/include/cookie_entity.h...
Parsing file /home/travis/build/akrava/web-framework/include/cookie_entity.h...
Preprocessing /home/travis/build/akrava/web-framework/include/cookie_entity_default.h...
Parsing file /home/travis/build/akrava/web-framework/include/cookie_entity_default.h...
Preprocessing /home/travis/build/akrava/web-framework/include/cookie_entity_factory.h...
Parsing file /home/travis/build/akrava/web-framework/include/cookie_entity_factory.h...
Preprocessing /home/travis/build/akrava/web-framework/include/cookie_entity_http.h...
Parsing file /home/travis/build/akrava/web-framework/include/cookie_entity_http.h...
Preprocessing /home/travis/build/akrava/web-framework/include/cookie_entity_week.h...
Parsing file /home/travis/build/akrava/web-framework/include/cookie_entity_week.h...
Preprocessing /home/travis/build/akrava/web-framework/include/cookie_middleware.h...
Parsing file /home/travis/build/akrava/web-framework/include/cookie_middleware.h...
Preprocessing /home/travis/build/akrava/web-framework/include/default_response.h...
Parsing file /home/travis/build/akrava/web-framework/include/default_response.h...
Preprocessing /home/travis/build/akrava/web-framework/include/entity.h...
Parsing file /home/travis/build/akrava/web-framework/include/entity.h...
Preprocessing /home/travis/build/akrava/web-framework/include/file_handler.h...
Parsing file /home/travis/build/akrava/web-framework/include/file_handler.h...
Preprocessing /home/travis/build/akrava/web-framework/include/form_middleware.h...
Parsing file /home/travis/build/akrava/web-framework/include/form_middleware.h...
Preprocessing /home/travis/build/akrava/web-framework/include/fs_builder.h...
Parsing file /home/travis/build/akrava/web-framework/include/fs_builder.h...
Preprocessing /home/travis/build/akrava/web-framework/include/fs_component.h...
Parsing file /home/travis/build/akrava/web-framework/include/fs_component.h...
Preprocessing /home/travis/build/akrava/web-framework/include/fs_creator.h...
Parsing file /home/travis/build/akrava/web-framework/include/fs_creator.h...
Preprocessing /home/travis/build/akrava/web-framework/include/fs_file.h...
Parsing file /home/travis/build/akrava/web-framework/include/fs_file.h...
Preprocessing /home/travis/build/akrava/web-framework/include/fs_folder.h...
Parsing file /home/travis/build/akrava/web-framework/include/fs_folder.h...
Preprocessing /home/travis/build/akrava/web-framework/include/fs_middleware.h...
Parsing file /home/travis/build/akrava/web-framework/include/fs_middleware.h...
Preprocessing /home/travis/build/akrava/web-framework/include/fs_unix_builder.h...
Parsing file /home/travis/build/akrava/web-framework/include/fs_unix_builder.h...
Preprocessing /home/travis/build/akrava/web-framework/include/fs_windows_builder.h...
Parsing file /home/travis/build/akrava/web-framework/include/fs_windows_builder.h...
Preprocessing /home/travis/build/akrava/web-framework/include/handler.h...
Parsing file /home/travis/build/akrava/web-framework/include/handler.h...
Preprocessing /home/travis/build/akrava/web-framework/include/headers.h...
Parsing file /home/travis/build/akrava/web-framework/include/headers.h...
Preprocessing /home/travis/build/akrava/web-framework/include/html_middleware.h...
Parsing file /home/travis/build/akrava/web-framework/include/html_middleware.h...
Preprocessing /home/travis/build/akrava/web-framework/include/http.h...
Parsing file /home/travis/build/akrava/web-framework/include/http.h...
Preprocessing /home/travis/build/akrava/web-framework/include/init_params.h...
Parsing file /home/travis/build/akrava/web-framework/include/init_params.h...
Preprocessing /home/travis/build/akrava/web-framework/include/json_middleware.h...
Parsing file /home/travis/build/akrava/web-framework/include/json_middleware.h...
Preprocessing /home/travis/build/akrava/web-framework/include/log_manager.h...
Parsing file /home/travis/build/akrava/web-framework/include/log_manager.h...
Preprocessing /home/travis/build/akrava/web-framework/include/message_body.h...
Parsing file /home/travis/build/akrava/web-framework/include/message_body.h...
Preprocessing /home/travis/build/akrava/web-framework/include/middleware.h...
Parsing file /home/travis/build/akrava/web-framework/include/middleware.h...
Preprocessing /home/travis/build/akrava/web-framework/include/network.h...
Parsing file /home/travis/build/akrava/web-framework/include/network.h...
Preprocessing /home/travis/build/akrava/web-framework/include/parser_http.h...
Parsing file /home/travis/build/akrava/web-framework/include/parser_http.h...
Preprocessing /home/travis/build/akrava/web-framework/include/redirect_response.h...
Parsing file /home/travis/build/akrava/web-framework/include/redirect_response.h...
Preprocessing /home/travis/build/akrava/web-framework/include/request.h...
Parsing file /home/travis/build/akrava/web-framework/include/request.h...
Preprocessing /home/travis/build/akrava/web-framework/include/response.h...
Parsing file /home/travis/build/akrava/web-framework/include/response.h...
Preprocessing /home/travis/build/akrava/web-framework/include/runtime_exception.h...
Parsing file /home/travis/build/akrava/web-framework/include/runtime_exception.h...
Preprocessing /home/travis/build/akrava/web-framework/include/socket_api.h...
Parsing file /home/travis/build/akrava/web-framework/include/socket_api.h...
Preprocessing /home/travis/build/akrava/web-framework/include/socket_unix_api.h...
Parsing file /home/travis/build/akrava/web-framework/include/socket_unix_api.h...
Preprocessing /home/travis/build/akrava/web-framework/include/socket_windows_api.h...
Parsing file /home/travis/build/akrava/web-framework/include/socket_windows_api.h...
Preprocessing /home/travis/build/akrava/web-framework/include/uri.h...
Parsing file /home/travis/build/akrava/web-framework/include/uri.h...
Reading /home/travis/build/akrava/web-framework/docs/index.md...
Building group list...
Building directory list...
Building namespace list...
Building file list...
Building class list...
Associating documentation with classes...
Computing nesting relations for classes...
Building example list...
Searching for enumerations...
Searching for documented typedefs...
Searching for members imported via using declarations...
Searching for included using directives...
Searching for documented variables...
Building interface member list...
Building member list...
Searching for friends...
Searching for documented defines...
Computing class inheritance relations...
Computing class usage relations...
Flushing cached template relations that have become invalid...
Creating members for template instances...
Computing class relations...
Add enum values to enums...
Searching for member function documentation...
Building page list...
Search for main page...
Computing page relations...
Determining the scope of groups...
Sorting lists...
Freeing entry tree
Determining which enums are documented
Computing member relations...
Building full member lists recursively...
Adding members to member groups.
Computing member references...
Inheriting documentation...
Generating disk names...
Adding source references...
Adding xrefitems...
Sorting member lists...
Computing dependencies between directories...
Generating citations page...
Counting data structures...
Resolving user defined references...
Finding anchors and sections in the documentation...
Transferring function references...
Combining using relations...
Adding members to index pages...
Generating style sheet...
Generating search indices...
Generating example documentation...
Generating file sources...
Generating code for file /home/travis/build/akrava/web-framework/include/app.h...
Generating code for file /home/travis/build/akrava/web-framework/include/context.h...
Generating code for file /home/travis/build/akrava/web-framework/include/cookie_entity.h...
Generating code for file /home/travis/build/akrava/web-framework/include/cookie_entity_default.h...
Generating code for file /home/travis/build/akrava/web-framework/include/cookie_entity_factory.h...
Generating code for file /home/travis/build/akrava/web-framework/include/cookie_entity_http.h...
Generating code for file /home/travis/build/akrava/web-framework/include/cookie_entity_week.h...
Generating code for file /home/travis/build/akrava/web-framework/include/cookie_middleware.h...
Generating code for file /home/travis/build/akrava/web-framework/include/default_response.h...
Generating code for file /home/travis/build/akrava/web-framework/include/entity.h...
Generating code for file /home/travis/build/akrava/web-framework/include/file_handler.h...
Generating code for file /home/travis/build/akrava/web-framework/include/form_middleware.h...
Generating code for file /home/travis/build/akrava/web-framework/include/fs_builder.h...
Generating code for file /home/travis/build/akrava/web-framework/include/fs_component.h...
Generating code for file /home/travis/build/akrava/web-framework/include/fs_creator.h...
Generating code for file /home/travis/build/akrava/web-framework/include/fs_file.h...
Generating code for file /home/travis/build/akrava/web-framework/include/fs_folder.h...
Generating code for file /home/travis/build/akrava/web-framework/include/fs_middleware.h...
Generating code for file /home/travis/build/akrava/web-framework/include/fs_unix_builder.h...
Generating code for file /home/travis/build/akrava/web-framework/include/fs_windows_builder.h...
Generating code for file /home/travis/build/akrava/web-framework/include/handler.h...
Generating code for file /home/travis/build/akrava/web-framework/include/headers.h...
Generating code for file /home/travis/build/akrava/web-framework/include/html_middleware.h...
Generating code for file /home/travis/build/akrava/web-framework/include/http.h...
Generating code for file /home/travis/build/akrava/web-framework/include/init_params.h...
Generating code for file /home/travis/build/akrava/web-framework/include/json_middleware.h...
Generating code for file /home/travis/build/akrava/web-framework/include/log_manager.h...
Generating code for file /home/travis/build/akrava/web-framework/include/message_body.h...
Generating code for file /home/travis/build/akrava/web-framework/include/middleware.h...
Generating code for file /home/travis/build/akrava/web-framework/include/network.h...
Generating code for file /home/travis/build/akrava/web-framework/include/parser_http.h...
Generating code for file /home/travis/build/akrava/web-framework/include/redirect_response.h...
Generating code for file /home/travis/build/akrava/web-framework/include/request.h...
Generating code for file /home/travis/build/akrava/web-framework/include/response.h...
Generating code for file /home/travis/build/akrava/web-framework/include/runtime_exception.h...
Generating code for file /home/travis/build/akrava/web-framework/include/socket_api.h...
Generating code for file /home/travis/build/akrava/web-framework/include/socket_unix_api.h...
Generating code for file /home/travis/build/akrava/web-framework/include/socket_windows_api.h...
Generating code for file /home/travis/build/akrava/web-framework/include/uri.h...
Generating file documentation...
Generating docs for file /home/travis/build/akrava/web-framework/docs/index.md...
Generating docs for file /home/travis/build/akrava/web-framework/include/app.h...
Generating docs for file /home/travis/build/akrava/web-framework/include/context.h...
Generating docs for file /home/travis/build/akrava/web-framework/include/cookie_entity.h...
Generating docs for file /home/travis/build/akrava//home/travis/build/akrava/web-framework/include/cookie_entity_factory.h:28: warning: The following parameters of CookieEntityFactory::createCookie(EntityType entityType, std::string &value) are not documented:
  parameter 'value'
/home/travis/build/akrava/web-framework/include/fs_builder.h:27: warning: The following parameters of FsBuilder::buildFolder(std::string &folderPath, const char *folderName)=0 are not documented:
  parameter 'folderName'
/home/travis/build/akrava/web-framework/include/fs_folder.h:21: warning: argument 'fullPath' of command @param is not found in the argument list of FsFolder::FsFolder(std::string &name)
/home/travis/build/akrava/web-framework/include/fs_folder.h:28: warning: argument 'fullPath' of command @param is not found in the argument list of FsFolder::FsFolder(const char *name)
web-framework/include/cookie_entity_default.h...
Generating docs for file /home/travis/build/akrava/web-framework/include/cookie_entity_factory.h...
Generating docs for file /home/travis/build/akrava/web-framework/include/cookie_entity_http.h...
Generating docs for file /home/travis/build/akrava/web-framework/include/cookie_entity_week.h...
Generating docs for file /home/travis/build/akrava/web-framework/include/cookie_middleware.h...
Generating docs for file /home/travis/build/akrava/web-framework/include/default_response.h...
Generating docs for file /home/travis/build/akrava/web-framework/include/entity.h...
Generating docs for file /home/travis/build/akrava/web-framework/include/file_handler.h...
Generating docs for file /home/travis/build/akrava/web-framework/include/form_middleware.h...
Generating docs for file /home/travis/build/akrava/web-framework/include/fs_builder.h...
Generating docs for file /home/travis/build/akrava/web-framework/include/fs_component.h...
Generating docs for file /home/travis/build/akrava/web-framework/include/fs_creator.h...
Generating docs for file /home/travis/build/akrava/web-framework/include/fs_file.h...
Generating docs for file /home/travis/build/akrava/web-framework/include/fs_folder.h...
Generating docs for file /home/travis/build/akrava/web-framework/include/fs_middleware.h...
Generating docs for file /home/travis/build/akrava/web-framework/include/fs_unix_builder.h...
Generating docs for file /home/travis/build/akrava/web-framework/include/fs_windows_builder.h...
Generating docs for file /home/travis/build/akrava/web-framework/include/handler.h...
Generating docs for file /home/travis/build/akrava/web-framework/include/headers.h...
Generating docs for file /home/travis/build/akrava/web-framework/include/html_middleware.h...
Generating docs for file /home/travis/build/akrava/web-framework/include/http.h...
Generating docs for file /home/travis/build/akrava/web-framework/include/init_params.h...
Generating docs for file /home/travis/build/akrava/web-framework/include/json_middleware.h...
Generating docs for file /home/travis/build/akrava/web-framework/include/log_manager.h...
Generating docs for file /home/travis/build/akrava/web-framework/include/message_body.h...
Generating docs for file /home/travis/build/akrava/web-framework/include/middleware.h...
Generating docs for file /home/travis/build/akrava/web-framework/include/network.h...
Generating docs for file /home/travis/build/akrava/web-framework/include/parser_http.h...
Generating docs for file /home/travis/build/akrava/web-framework/include/redirect_response.h...
Generating docs for file /home/travis/build/akrava/web-framework/include/request.h...
Generating docs for file /home/travis/build/akrava/web-framework/include/response.h...
Generating docs for file /home/travis/build/akrava/web-framework/include/runtime_exception.h...
Generating docs for file /home/travis/build/akrava/web-framework/include/socket_api.h...
Generating docs for file /home/travis/build/akrava/web-framework/include/socket_unix_api.h...
Generating docs for file /home/travis/build/akrava/web-framework/include/socket_windows_api.h...
Generating docs for file /home/travis/build/akrava/web-framework/include/uri.h...
Generating page documentation...
Generating group documentation...
Generating class documentation...
Generating docs for compound App...
Generating docs for compound Context...
Generating docs for compound CookieEntity...
Generating docs for compound CookieEntityDefault...
Generating docs for compound CookieEntityFactory...
Generating docs for compound CookieEntityHttp...
Generating docs for compound CookieEntityWeek...
Generating docs for compound CookieMiddleware...
Generating docs for compound DefaultResponse...
Generating docs for compound Entity...
Generating docs for compound FileHandler...
Generating docs for compound FormMiddleware...
Generating docs for compound FsBuilder...
Generating docs for compound FsComponent...
Generating docs for compound FsCreator...
Generating docs for compound FsFile...
Generating docs for compound FsFolder...
G/home/travis/build/akrava/web-framework/include/handler.h:29: warning: The following parameters of Handler::Handler(const char *route=nullptr, HTTP::Method method=HTTP::Method::ANY, Handler *next=nullptr) are not documented:
  parameter 'next'
enerating docs for compound FsMiddleware...
Generating docs for compound Handler...
Generating docs for compound Headers...
Generating docs for compound HtmlMiddleware...
Generating docs for compound HTTP...
Generating docs for compound InitParams...
Generating docs for compound JsonMiddleware...
Generating docs for compound LogManager...
Generating docs for compound MessageBody...
Generating docs for compound Middleware...
Generating docs for compound Network...
Generating docs for compound ParserHTTP...
Generating docs for compound RedirectResponse...
Generating docs for compound Request...
Generating docs for compound Response...
Generating docs for compound RuntimeException...
Generating docs for compound SocketAPI...
Generating docs for compound URI...
Generating namespace index...
Generating graph info page...
Generating directory documentation...
Generating dependency graph for directory /home/travis/build/akrava/web-framework/include
Generating index page...
Generating page index...
Generating module index...
Generating namespace index...
Generating namespace member index...
Generating annotated compound index...
Generating alphabetical compound index...
Generating hierarchical class index...
Generating graphical class hierarchy...
Generating member index...
Generating file index...
Generating file member index...
Generating example index...
finalizing index lists...
Running dot...
Generating dot graphs using 3 parallel threads...
Running dot for graph 1/134
Running dot for graph 2/134
Running dot for graph 3/134
Running dot for graph 4/134
Running dot for graph 5/134
Running dot for graph 6/134
Running dot for graph 7/134
Running dot for graph 8/134
Running dot for graph 9/134
Running dot for graph 10/134
Running dot for graph 11/134
Running dot for graph 12/134
Running dot for graph 13/134
Running dot for graph 14/134
Running dot for graph 15/134
Running dot for graph 16/134
Running dot for graph 17/134
Running dot for graph 18/134
Running dot for graph 19/134
Running dot for graph 20/134
Running dot for graph 21/134
Running dot for graph 22/134
Running dot for graph 23/134
Running dot for graph 24/134
Running dot for graph 25/134
Running dot for graph 26/134
Running dot for graph 27/134
Running dot for graph 28/134
Running dot for graph 29/134
Running dot for graph 30/134
Running dot for graph 31/134
Running dot for graph 32/134
Running dot for graph 33/134
Running dot for graph 34/134
Running dot for graph 35/134
Running dot for graph 36/134
Running dot for graph 37/134
Running dot for graph 38/134
Running dot for graph 39/134
Running dot for graph 40/134
Running dot for graph 41/134
Running dot for graph 42/134
Running dot for graph 43/134
Running dot for graph 44/134
Running dot for graph 45/134
Running dot for graph 46/134
Running dot for graph 47/134
Running dot for graph 48/134
Running dot for graph 49/134
Running dot for graph 50/134
Running dot for graph 51/134
Running dot for graph 52/134
Running dot for graph 53/134
Running dot for graph 54/134
Running dot for graph 55/134
Running dot for graph 56/134
Running dot for graph 57/134
Running dot for graph 58/134
Running dot for graph 59/134
Running dot for graph 60/134
Running dot for graph 61/134
Running dot for graph 62/134
Running dot for graph 63/134
Running dot for graph 64/134
Running dot for graph 65/134
Running dot for graph 66/134
Running dot for graph 67/134
Running dot for graph 68/134
Running dot for graph 69/134
Running dot for graph 70/134
Running dot for graph 71/134
Running dot for graph 72/134
Running dot for graph 73/134
Running dot for graph 74/134
Running dot for graph 75/134
Running dot for graph 76/134
Running dot for graph 77/134
Running dot for graph 78/134
Running dot for graph 79/134
Running dot for graph 80/134
Running dot for graph 81/134
Running dot for graph 82/134
Running dot for graph 83/134
Running dot for graph 84/134
Running dot for graph 85/134
Running dot for graph 86/134
Running dot for graph 87/134
Running dot for graph 88/134
Running dot for graph 89/134
Running dot for graph 90/134
Running dot for graph 91/134
Running dot for graph 92/134
Running dot for graph 93/134
Running dot for graph 94/134
Running dot for graph 95/134
Running dot for graph 96/134
Running dot for graph 97/134
Running dot for graph 98/134
Running dot for graph 99/134
Running dot for graph 100/134
Running dot for graph 101/134
Running dot for graph 102/134
Running dot for graph 103/134
Running dot for graph 104/134
Running dot for graph 105/134
Running dot for graph 106/134
Running dot for graph 107/134
Running dot for graph 108/134
Running dot for graph 109/134
Running dot for graph 110/134
Running dot for graph 111/134
Running dot for graph 112/134
Running dot for graph 113/134
Running dot for graph 114/134
Running dot for graph 115/134
Running dot for graph 116/134
Running dot for graph 117/134
Running dot for graph 118/134
Running dot for graph 119/134
Running dot for graph 120/134
Running dot for graph 121/134
Running dot for graph 122/134
Running dot for graph 123/134
Running dot for graph 124/134
Running dot for graph 125/134
Running dot for graph 126/134
Running dot for graph 127/134
Running dot for graph 128/134
Running dot for graph 129/134
Running dot for graph 130/134
Running dot for graph 131/134
Running dot for graph 132/134
Running dot for graph 133/134
Running dot for graph 134/134
Patching output file 1/72
Patching output file 2/72
Patching output file 3/72
Patching output file 4/72
Patching output file 5/72
Patching output file 6/72
Patching output file 7/72
Patching output file 8/72
Patching output file 9/72
Patching output file 10/72
Patching output file 11/72
Patching output file 12/72
Patching output file 13/72
Patching output file 14/72
Patching output file 15/72
Patching output file 16/72
Patching output file 17/72
Patching output file 18/72
Patching output file 19/72
Patching output file 20/72
Patching output file 21/72
Patching output file 22/72
Patching output file 23/72
Patching output file 24/72
Patching output file 25/72
Patching output file 26/72
Patching output file 27/72
Patching output file 28/72
Patching output file 29/72
Patching output file 30/72
Patching output file 31/72
Patching output file 32/72
Patching output file 33/72
Patching output file 34/72
Patching output file 35/72
Patching output file 36/72
Patching output file 37/72
Patching output file 38/72
Patching output file 39/72
Patching output file 40/72
Patching output file 41/72
Patching output file 42/72
Patching output file 43/72
Patching output file 44/72
Patching output file 45/72
Patching output file 46/72
Patching output file 47/72
Patching output file 48/72
Patching output file 49/72
Patching output file 50/72
Patching output file 51/72
Patching output file 52/72
Patching output file 53/72
Patching output file 54/72
Patching output file 55/72
Patching output file 56/72
Patching output file 57/72
Patching output file 58/72
Patching output file 59/72
Patching output file 60/72
Patching output file 61/72
Patching output file 62/72
Patching output file 63/72
Patching output file 64/72
Patching output file 65/72
Patching output file 66/72
Patching output file 67/72
Patching output file 68/72
Patching output file 69/72
Patching output file 70/72
Patching output file 71/72
Patching output file 72/72
lookup cache used 504/65536 hits=2051 misses=528
finished...
